Determining if the pthread_create exist failed with the following output:
Change Dir: /home/liuce/project/6-ProjectionError/src/build/CMakeFiles/CMakeTmp

Run Build Command:"/usr/bin/gmake" "cmTC_868c5/fast"
/usr/bin/gmake -f CMakeFiles/cmTC_868c5.dir/build.make CMakeFiles/cmTC_868c5.dir/build
gmake[1]: Entering directory `/home/liuce/project/6-ProjectionError/src/build/CMakeFiles/CMakeTmp'
Building C object CMakeFiles/cmTC_868c5.dir/CheckSymbolExists.c.o
/usr/bin/cc    -fPIC    -o CMakeFiles/cmTC_868c5.dir/CheckSymbolExists.c.o   -c /home/liuce/project/6-ProjectionError/src/build/CMakeFiles/CMakeTmp/CheckSymbolExists.c
Linking C executable cmTC_868c5
/usr/local/bin/cmake -E cmake_link_script CMakeFiles/cmTC_868c5.dir/link.txt --verbose=1
/usr/bin/cc  -fPIC     CMakeFiles/cmTC_868c5.dir/CheckSymbolExists.c.o  -o cmTC_868c5 -rdynamic 
CMakeFiles/cmTC_868c5.dir/CheckSymbolExists.c.o: In function `main':
CheckSymbolExists.c:(.text+0x1b): undefined reference to `pthread_create'
collect2: ld returned 1 exit status
gmake[1]: *** [cmTC_868c5] Error 1
gmake[1]: Leaving directory `/home/liuce/project/6-ProjectionError/src/build/CMakeFiles/CMakeTmp'
gmake: *** [cmTC_868c5/fast] Error 2

File /home/liuce/project/6-ProjectionError/src/build/CMakeFiles/CMakeTmp/CheckSymbolExists.c:
/* */
#include <pthread.h>

int main(int argc, char** argv)
{
  (void)argv;
#ifndef pthread_create
  return ((int*)(&pthread_create))[argc];
#else
  (void)argc;
  return 0;
#endif
}

Determining if the function pthread_create exists in the pthreads failed with the following output:
Change Dir: /home/liuce/project/6-ProjectionError/src/build/CMakeFiles/CMakeTmp

Run Build Command:"/usr/bin/gmake" "cmTC_f2cd5/fast"
/usr/bin/gmake -f CMakeFiles/cmTC_f2cd5.dir/build.make CMakeFiles/cmTC_f2cd5.dir/build
gmake[1]: Entering directory `/home/liuce/project/6-ProjectionError/src/build/CMakeFiles/CMakeTmp'
Building C object CMakeFiles/cmTC_f2cd5.dir/CheckFunctionExists.c.o
/usr/bin/cc    -fPIC -DCHECK_FUNCTION_EXISTS=pthread_create   -o CMakeFiles/cmTC_f2cd5.dir/CheckFunctionExists.c.o   -c /usr/local/share/cmake-3.7/Modules/CheckFunctionExists.c
Linking C executable cmTC_f2cd5
/usr/local/bin/cmake -E cmake_link_script CMakeFiles/cmTC_f2cd5.dir/link.txt --verbose=1
/usr/bin/cc  -fPIC -DCHECK_FUNCTION_EXISTS=pthread_create    CMakeFiles/cmTC_f2cd5.dir/CheckFunctionExists.c.o  -o cmTC_f2cd5 -rdynamic -lpthreads 
/usr/bin/ld: cannot find -lpthreads
collect2: ld returned 1 exit status
gmake[1]: *** [cmTC_f2cd5] Error 1
gmake[1]: Leaving directory `/home/liuce/project/6-ProjectionError/src/build/CMakeFiles/CMakeTmp'
gmake: *** [cmTC_f2cd5/fast] Error 2


